-------------------------------------------------------------------------------
Test set: bgu.spl.mics.EwokTest
-------------------------------------------------------------------------------
Tests run: 2, Failures: 1, Errors: 0, Skipped: 0, Time elapsed: 0.005 s <<< FAILURE! - in bgu.spl.mics.EwokTest
testAcquire  Time elapsed: 0.001 s  <<< FAILURE!
org.opentest4j.AssertionFailedError: expected: <false> but was: <true>
	at bgu.spl.mics.EwokTest.testAcquire(EwokTest.java:22)

